<?xml version="1.0" encoding="UTF-8"?>
<!-- Generated by org.testng.reporters.JUnitXMLReporter -->
<testsuite hostname="DESKTOP-888A2JB" ignored="0" name="Test" tests="6" failures="0" timestamp="2022-05-04T08:35:16 IST" time="0.115" errors="0">
  <testcase name="m1" time="0.007" classname="TestAnotationPractice.TestCase3"/>
  <testcase name="m2" time="0.003" classname="TestAnotationPractice.TestCase3"/>
  <testcase name="m3" time="0.003" classname="TestAnotationPractice.TestCase3"/>
  <testcase name="m4" time="0.002" classname="TestAnotationPractice.TestCase4"/>
  <testcase name="m5" time="0.003" classname="TestAnotationPractice.TestCase4"/>
  <testcase name="m6" time="0.01" classname="TestAnotationPractice.TestCase4"/>
</testsuite> <!-- Test -->
