<?xml version="1.0" encoding="UTF-8"?>
<!-- Generated by org.testng.reporters.JUnitXMLReporter -->
<testsuite hostname="DESKTOP-888A2JB" ignored="0" name="ChromeBrowserTest" tests="7" failures="0" timestamp="2022-05-11T08:57:06 IST" time="8.568" errors="0">
  <testcase name="CrossBrowserTesting" time="5.271" classname="Parameterization_CrossBrowser.AllBrowserTesting"/>
  <testcase name="verifyCurrentUrl" time="0.029" classname="Parameterization_CrossBrowser.AllBrowserTesting"/>
  <testcase name="verifyPageTitle" time="0.037" classname="Parameterization_CrossBrowser.AllBrowserTesting"/>
  <testcase name="verifyUsernameField" time="1.451" classname="Parameterization_CrossBrowser.AllBrowserTesting"/>
  <testcase name="verifyPasswordField" time="0.422" classname="Parameterization_CrossBrowser.AllBrowserTesting"/>
  <testcase name="clickLoginButton" time="0.221" classname="Parameterization_CrossBrowser.AllBrowserTesting"/>
  <testcase name="teardown" time="1.044" classname="Parameterization_CrossBrowser.AllBrowserTesting"/>
</testsuite> <!-- ChromeBrowserTest -->
