<?xml version="1.0" encoding="UTF-8"?>
<!-- Generated by org.testng.reporters.JUnitXMLReporter -->
<testsuite hostname="DESKTOP-888A2JB" ignored="3" name="Functional Test" tests="6" failures="0" timestamp="2022-05-06T09:01:04 IST" time="0.12" errors="0">
  <testcase name="Test2" time="0.006" classname="GroupingPractice.TestCase1"/>
  <testcase name="Test3" time="0.002" classname="GroupingPractice.TestCase1"/>
  <testcase name="Test5" time="0.002" classname="GroupingPractice.TestCase2"/>
  <testcase name="Test6" time="0.002" classname="GroupingPractice.TestCase2"/>
  <testcase name="Test8" time="0.004" classname="GroupingPractice.TestCase3"/>
  <testcase name="Test9" time="0.005" classname="GroupingPractice.TestCase3"/>
  <testcase name="Test4" time="0.0" classname="GroupingPractice.TestCase2">
    <ignored/>
  </testcase> <!-- Test4 -->
  <testcase name="Test1" time="0.0" classname="GroupingPractice.TestCase1">
    <ignored/>
  </testcase> <!-- Test1 -->
  <testcase name="Test7" time="0.0" classname="GroupingPractice.TestCase3">
    <ignored/>
  </testcase> <!-- Test7 -->
</testsuite> <!-- Functional Test -->
